{"C:\\Data\\Code\\MEAN\\E-Mall ProConnect\\Template\\Backend\\modules\\admin\\controller\\admin.controller.js": {"path":"C:\\Data\\Code\\MEAN\\E-Mall ProConnect\\Template\\Backend\\modules\\admin\\controller\\admin.controller.js","statementMap":{"0":{"start":{"line":4,"column":8},"end":{"line":4,"column":20}},"1":{"start":{"line":9,"column":8},"end":{"line":9,"column":20}},"2":{"start":{"line":14,"column":8},"end":{"line":14,"column":20}},"3":{"start":{"line":19,"column":8},"end":{"line":19,"column":20}},"4":{"start":{"line":24,"column":8},"end":{"line":24,"column":20}},"5":{"start":{"line":29,"column":8},"end":{"line":29,"column":20}},"6":{"start":{"line":34,"column":8},"end":{"line":34,"column":20}},"7":{"start":{"line":39,"column":8},"end":{"line":39,"column":20}},"8":{"start":{"line":44,"column":8},"end":{"line":44,"column":20}},"9":{"start":{"line":48,"column":0},"end":{"line":48,"column":33}}},"fnMap":{"0":{"name":"(anonymous_0)","decl":{"start":{"line":2,"column":4},"end":{"line":2,"column":5}},"loc":{"start":{"line":2,"column":33},"end":{"line":5,"column":5}},"line":2},"1":{"name":"(anonymous_1)","decl":{"start":{"line":7,"column":4},"end":{"line":7,"column":5}},"loc":{"start":{"line":7,"column":36},"end":{"line":10,"column":5}},"line":7},"2":{"name":"(anonymous_2)","decl":{"start":{"line":12,"column":4},"end":{"line":12,"column":5}},"loc":{"start":{"line":12,"column":34},"end":{"line":15,"column":5}},"line":12},"3":{"name":"(anonymous_3)","decl":{"start":{"line":17,"column":4},"end":{"line":17,"column":5}},"loc":{"start":{"line":17,"column":37},"end":{"line":20,"column":5}},"line":17},"4":{"name":"(anonymous_4)","decl":{"start":{"line":22,"column":4},"end":{"line":22,"column":5}},"loc":{"start":{"line":22,"column":34},"end":{"line":25,"column":5}},"line":22},"5":{"name":"(anonymous_5)","decl":{"start":{"line":27,"column":4},"end":{"line":27,"column":5}},"loc":{"start":{"line":27,"column":32},"end":{"line":30,"column":5}},"line":27},"6":{"name":"(anonymous_6)","decl":{"start":{"line":32,"column":4},"end":{"line":32,"column":5}},"loc":{"start":{"line":32,"column":38},"end":{"line":35,"column":5}},"line":32},"7":{"name":"(anonymous_7)","decl":{"start":{"line":37,"column":4},"end":{"line":37,"column":5}},"loc":{"start":{"line":37,"column":41},"end":{"line":40,"column":5}},"line":37},"8":{"name":"(anonymous_8)","decl":{"start":{"line":42,"column":4},"end":{"line":42,"column":5}},"loc":{"start":{"line":42,"column":37},"end":{"line":45,"column":5}},"line":42}},"branchMap":{},"s":{"0":1,"1":1,"2":1,"3":1,"4":1,"5":1,"6":0,"7":0,"8":1,"9":1},"f":{"0":1,"1":1,"2":1,"3":1,"4":1,"5":1,"6":0,"7":0,"8":1},"b":{},"_coverageSchema":"1a1c01bbd47fc00a2c39e90264f33305004495a9","hash":"519fa167a4f1da4e9c480da151a84197f0c1a593"}
,"C:\\Data\\Code\\MEAN\\E-Mall ProConnect\\Template\\Backend\\modules\\admin\\service\\admin.service.js": {"path":"C:\\Data\\Code\\MEAN\\E-Mall ProConnect\\Template\\Backend\\modules\\admin\\service\\admin.service.js","statementMap":{"0":{"start":{"line":17,"column":0},"end":{"line":17,"column":30}}},"fnMap":{"0":{"name":"(anonymous_0)","decl":{"start":{"line":2,"column":4},"end":{"line":2,"column":5}},"loc":{"start":{"line":2,"column":24},"end":{"line":2,"column":27}},"line":2},"1":{"name":"(anonymous_1)","decl":{"start":{"line":3,"column":4},"end":{"line":3,"column":5}},"loc":{"start":{"line":3,"column":27},"end":{"line":3,"column":30}},"line":3},"2":{"name":"(anonymous_2)","decl":{"start":{"line":4,"column":4},"end":{"line":4,"column":5}},"loc":{"start":{"line":4,"column":25},"end":{"line":4,"column":28}},"line":4},"3":{"name":"(anonymous_3)","decl":{"start":{"line":5,"column":4},"end":{"line":5,"column":5}},"loc":{"start":{"line":5,"column":24},"end":{"line":5,"column":27}},"line":5},"4":{"name":"(anonymous_4)","decl":{"start":{"line":6,"column":4},"end":{"line":6,"column":5}},"loc":{"start":{"line":6,"column":25},"end":{"line":6,"column":28}},"line":6},"5":{"name":"(anonymous_5)","decl":{"start":{"line":7,"column":4},"end":{"line":7,"column":5}},"loc":{"start":{"line":7,"column":23},"end":{"line":7,"column":26}},"line":7},"6":{"name":"(anonymous_6)","decl":{"start":{"line":8,"column":4},"end":{"line":8,"column":5}},"loc":{"start":{"line":8,"column":29},"end":{"line":8,"column":32}},"line":8},"7":{"name":"(anonymous_7)","decl":{"start":{"line":9,"column":4},"end":{"line":9,"column":5}},"loc":{"start":{"line":9,"column":28},"end":{"line":9,"column":31}},"line":9},"8":{"name":"(anonymous_8)","decl":{"start":{"line":10,"column":4},"end":{"line":10,"column":5}},"loc":{"start":{"line":10,"column":30},"end":{"line":10,"column":33}},"line":10},"9":{"name":"(anonymous_9)","decl":{"start":{"line":11,"column":4},"end":{"line":11,"column":5}},"loc":{"start":{"line":11,"column":32},"end":{"line":11,"column":35}},"line":11},"10":{"name":"(anonymous_10)","decl":{"start":{"line":12,"column":4},"end":{"line":12,"column":5}},"loc":{"start":{"line":12,"column":37},"end":{"line":12,"column":40}},"line":12},"11":{"name":"(anonymous_11)","decl":{"start":{"line":13,"column":4},"end":{"line":13,"column":5}},"loc":{"start":{"line":13,"column":36},"end":{"line":13,"column":39}},"line":13},"12":{"name":"(anonymous_12)","decl":{"start":{"line":14,"column":4},"end":{"line":14,"column":5}},"loc":{"start":{"line":14,"column":28},"end":{"line":14,"column":31}},"line":14}},"branchMap":{},"s":{"0":2},"f":{"0":0,"1":0,"2":0,"3":0,"4":0,"5":0,"6":0,"7":0,"8":0,"9":0,"10":0,"11":0,"12":0},"b":{},"_coverageSchema":"1a1c01bbd47fc00a2c39e90264f33305004495a9","hash":"5b41171599763ef3de8356ebbcf73abddeb68a9a"}
,"C:\\Data\\Code\\MEAN\\E-Mall ProConnect\\Template\\Backend\\modules\\admin\\service\\impl\\admin.serviceImpl.js": {"path":"C:\\Data\\Code\\MEAN\\E-Mall ProConnect\\Template\\Backend\\modules\\admin\\service\\impl\\admin.serviceImpl.js","statementMap":{"0":{"start":{"line":1,"column":21},"end":{"line":1,"column":59}},"1":{"start":{"line":6,"column":8},"end":{"line":6,"column":20}},"2":{"start":{"line":11,"column":8},"end":{"line":11,"column":20}},"3":{"start":{"line":16,"column":8},"end":{"line":16,"column":20}},"4":{"start":{"line":21,"column":8},"end":{"line":21,"column":20}},"5":{"start":{"line":26,"column":8},"end":{"line":26,"column":20}},"6":{"start":{"line":31,"column":8},"end":{"line":31,"column":20}},"7":{"start":{"line":36,"column":8},"end":{"line":36,"column":20}},"8":{"start":{"line":41,"column":8},"end":{"line":41,"column":20}},"9":{"start":{"line":46,"column":8},"end":{"line":46,"column":20}},"10":{"start":{"line":51,"column":8},"end":{"line":51,"column":20}},"11":{"start":{"line":56,"column":8},"end":{"line":56,"column":20}},"12":{"start":{"line":61,"column":8},"end":{"line":61,"column":20}},"13":{"start":{"line":66,"column":8},"end":{"line":66,"column":20}},"14":{"start":{"line":70,"column":0},"end":{"line":70,"column":34}}},"fnMap":{"0":{"name":"(anonymous_0)","decl":{"start":{"line":4,"column":4},"end":{"line":4,"column":5}},"loc":{"start":{"line":4,"column":24},"end":{"line":7,"column":5}},"line":4},"1":{"name":"(anonymous_1)","decl":{"start":{"line":9,"column":4},"end":{"line":9,"column":5}},"loc":{"start":{"line":9,"column":27},"end":{"line":12,"column":5}},"line":9},"2":{"name":"(anonymous_2)","decl":{"start":{"line":14,"column":4},"end":{"line":14,"column":5}},"loc":{"start":{"line":14,"column":25},"end":{"line":17,"column":5}},"line":14},"3":{"name":"(anonymous_3)","decl":{"start":{"line":19,"column":4},"end":{"line":19,"column":5}},"loc":{"start":{"line":19,"column":24},"end":{"line":22,"column":5}},"line":19},"4":{"name":"(anonymous_4)","decl":{"start":{"line":24,"column":4},"end":{"line":24,"column":5}},"loc":{"start":{"line":24,"column":25},"end":{"line":27,"column":5}},"line":24},"5":{"name":"(anonymous_5)","decl":{"start":{"line":29,"column":4},"end":{"line":29,"column":5}},"loc":{"start":{"line":29,"column":23},"end":{"line":32,"column":5}},"line":29},"6":{"name":"(anonymous_6)","decl":{"start":{"line":34,"column":4},"end":{"line":34,"column":5}},"loc":{"start":{"line":34,"column":29},"end":{"line":37,"column":5}},"line":34},"7":{"name":"(anonymous_7)","decl":{"start":{"line":39,"column":4},"end":{"line":39,"column":5}},"loc":{"start":{"line":39,"column":28},"end":{"line":42,"column":5}},"line":39},"8":{"name":"(anonymous_8)","decl":{"start":{"line":44,"column":4},"end":{"line":44,"column":5}},"loc":{"start":{"line":44,"column":30},"end":{"line":47,"column":5}},"line":44},"9":{"name":"(anonymous_9)","decl":{"start":{"line":49,"column":4},"end":{"line":49,"column":5}},"loc":{"start":{"line":49,"column":32},"end":{"line":52,"column":5}},"line":49},"10":{"name":"(anonymous_10)","decl":{"start":{"line":54,"column":4},"end":{"line":54,"column":5}},"loc":{"start":{"line":54,"column":37},"end":{"line":57,"column":5}},"line":54},"11":{"name":"(anonymous_11)","decl":{"start":{"line":59,"column":4},"end":{"line":59,"column":5}},"loc":{"start":{"line":59,"column":36},"end":{"line":62,"column":5}},"line":59},"12":{"name":"(anonymous_12)","decl":{"start":{"line":64,"column":4},"end":{"line":64,"column":5}},"loc":{"start":{"line":64,"column":28},"end":{"line":67,"column":5}},"line":64}},"branchMap":{},"s":{"0":2,"1":2,"2":2,"3":2,"4":2,"5":0,"6":0,"7":0,"8":1,"9":0,"10":1,"11":1,"12":1,"13":2,"14":2},"f":{"0":2,"1":2,"2":2,"3":2,"4":0,"5":0,"6":0,"7":1,"8":0,"9":1,"10":1,"11":1,"12":2},"b":{},"_coverageSchema":"1a1c01bbd47fc00a2c39e90264f33305004495a9","hash":"633ea084ff3db453cf113b03e17bffcd4df5caba"}
,"C:\\Data\\Code\\MEAN\\E-Mall ProConnect\\Template\\Backend\\modules\\blog\\controller\\blog.controller.js": {"path":"C:\\Data\\Code\\MEAN\\E-Mall ProConnect\\Template\\Backend\\modules\\blog\\controller\\blog.controller.js","statementMap":{"0":{"start":{"line":4,"column":8},"end":{"line":4,"column":20}},"1":{"start":{"line":9,"column":8},"end":{"line":9,"column":20}},"2":{"start":{"line":14,"column":8},"end":{"line":14,"column":20}},"3":{"start":{"line":19,"column":8},"end":{"line":19,"column":20}},"4":{"start":{"line":24,"column":8},"end":{"line":24,"column":20}},"5":{"start":{"line":29,"column":8},"end":{"line":29,"column":20}},"6":{"start":{"line":34,"column":8},"end":{"line":34,"column":20}},"7":{"start":{"line":39,"column":8},"end":{"line":39,"column":20}},"8":{"start":{"line":44,"column":8},"end":{"line":44,"column":20}},"9":{"start":{"line":49,"column":8},"end":{"line":49,"column":20}},"10":{"start":{"line":54,"column":8},"end":{"line":54,"column":20}},"11":{"start":{"line":59,"column":8},"end":{"line":59,"column":20}},"12":{"start":{"line":64,"column":8},"end":{"line":64,"column":20}},"13":{"start":{"line":68,"column":0},"end":{"line":68,"column":32}}},"fnMap":{"0":{"name":"(anonymous_0)","decl":{"start":{"line":2,"column":4},"end":{"line":2,"column":5}},"loc":{"start":{"line":2,"column":31},"end":{"line":5,"column":5}},"line":2},"1":{"name":"(anonymous_1)","decl":{"start":{"line":7,"column":4},"end":{"line":7,"column":5}},"loc":{"start":{"line":7,"column":28},"end":{"line":10,"column":5}},"line":7},"2":{"name":"(anonymous_2)","decl":{"start":{"line":12,"column":4},"end":{"line":12,"column":5}},"loc":{"start":{"line":12,"column":31},"end":{"line":15,"column":5}},"line":12},"3":{"name":"(anonymous_3)","decl":{"start":{"line":17,"column":4},"end":{"line":17,"column":5}},"loc":{"start":{"line":17,"column":31},"end":{"line":20,"column":5}},"line":17},"4":{"name":"(anonymous_4)","decl":{"start":{"line":22,"column":4},"end":{"line":22,"column":5}},"loc":{"start":{"line":22,"column":32},"end":{"line":25,"column":5}},"line":22},"5":{"name":"(anonymous_5)","decl":{"start":{"line":27,"column":4},"end":{"line":27,"column":5}},"loc":{"start":{"line":27,"column":36},"end":{"line":30,"column":5}},"line":27},"6":{"name":"(anonymous_6)","decl":{"start":{"line":32,"column":4},"end":{"line":32,"column":5}},"loc":{"start":{"line":32,"column":31},"end":{"line":35,"column":5}},"line":32},"7":{"name":"(anonymous_7)","decl":{"start":{"line":37,"column":4},"end":{"line":37,"column":5}},"loc":{"start":{"line":37,"column":32},"end":{"line":40,"column":5}},"line":37},"8":{"name":"(anonymous_8)","decl":{"start":{"line":42,"column":4},"end":{"line":42,"column":5}},"loc":{"start":{"line":42,"column":34},"end":{"line":45,"column":5}},"line":42},"9":{"name":"(anonymous_9)","decl":{"start":{"line":47,"column":4},"end":{"line":47,"column":5}},"loc":{"start":{"line":47,"column":34},"end":{"line":50,"column":5}},"line":47},"10":{"name":"(anonymous_10)","decl":{"start":{"line":52,"column":4},"end":{"line":52,"column":5}},"loc":{"start":{"line":52,"column":29},"end":{"line":55,"column":5}},"line":52},"11":{"name":"(anonymous_11)","decl":{"start":{"line":57,"column":4},"end":{"line":57,"column":5}},"loc":{"start":{"line":57,"column":36},"end":{"line":60,"column":5}},"line":57},"12":{"name":"(anonymous_12)","decl":{"start":{"line":62,"column":4},"end":{"line":62,"column":5}},"loc":{"start":{"line":62,"column":37},"end":{"line":65,"column":5}},"line":62}},"branchMap":{},"s":{"0":2,"1":2,"2":2,"3":3,"4":0,"5":0,"6":2,"7":2,"8":2,"9":1,"10":0,"11":1,"12":0,"13":1},"f":{"0":2,"1":2,"2":2,"3":3,"4":0,"5":0,"6":2,"7":2,"8":2,"9":1,"10":0,"11":1,"12":0},"b":{},"_coverageSchema":"1a1c01bbd47fc00a2c39e90264f33305004495a9","hash":"15977d1ababc068d2cf2fc2d2d939d94b7836e8f"}
,"C:\\Data\\Code\\MEAN\\E-Mall ProConnect\\Template\\Backend\\modules\\blog\\dao\\models\\blog.model.js": {"path":"C:\\Data\\Code\\MEAN\\E-Mall ProConnect\\Template\\Backend\\modules\\blog\\dao\\models\\blog.model.js","statementMap":{"0":{"start":{"line":1,"column":15},"end":{"line":1,"column":34}},"1":{"start":{"line":3,"column":17},"end":{"line":3,"column":50}},"2":{"start":{"line":4,"column":0},"end":{"line":4,"column":52}}},"fnMap":{},"branchMap":{},"s":{"0":2,"1":2,"2":2},"f":{},"b":{},"_coverageSchema":"1a1c01bbd47fc00a2c39e90264f33305004495a9","hash":"f0a825827d25d6557ecaee59c6b735633f576873"}
,"C:\\Data\\Code\\MEAN\\E-Mall ProConnect\\Template\\Backend\\modules\\blog\\dao\\schemas\\blog.schema.js": {"path":"C:\\Data\\Code\\MEAN\\E-Mall ProConnect\\Template\\Backend\\modules\\blog\\dao\\schemas\\blog.schema.js","statementMap":{"0":{"start":{"line":1,"column":17},"end":{"line":1,"column":36}},"1":{"start":{"line":3,"column":19},"end":{"line":15,"column":2}},"2":{"start":{"line":17,"column":0},"end":{"line":17,"column":28}}},"fnMap":{},"branchMap":{},"s":{"0":2,"1":2,"2":2},"f":{},"b":{},"_coverageSchema":"1a1c01bbd47fc00a2c39e90264f33305004495a9","hash":"9c78593f59b5209b26e3683bb95031736e036369"}
,"C:\\Data\\Code\\MEAN\\E-Mall ProConnect\\Template\\Backend\\modules\\blog\\routes\\blogs.routes.js": {"path":"C:\\Data\\Code\\MEAN\\E-Mall ProConnect\\Template\\Backend\\modules\\blog\\routes\\blogs.routes.js","statementMap":{"0":{"start":{"line":1,"column":16},"end":{"line":1,"column":34}},"1":{"start":{"line":2,"column":15},"end":{"line":2,"column":31}},"2":{"start":{"line":4,"column":23},"end":{"line":4,"column":63}},"3":{"start":{"line":5,"column":23},"end":{"line":5,"column":43}},"4":{"start":{"line":7,"column":0},"end":{"line":7,"column":50}},"5":{"start":{"line":8,"column":0},"end":{"line":8,"column":43}},"6":{"start":{"line":9,"column":0},"end":{"line":9,"column":46}},"7":{"start":{"line":10,"column":0},"end":{"line":10,"column":49}},"8":{"start":{"line":11,"column":0},"end":{"line":11,"column":67}},"9":{"start":{"line":12,"column":0},"end":{"line":12,"column":47}},"10":{"start":{"line":13,"column":0},"end":{"line":13,"column":55}},"11":{"start":{"line":14,"column":0},"end":{"line":14,"column":56}},"12":{"start":{"line":15,"column":0},"end":{"line":15,"column":67}},"13":{"start":{"line":16,"column":0},"end":{"line":16,"column":72}},"14":{"start":{"line":17,"column":0},"end":{"line":17,"column":56}},"15":{"start":{"line":18,"column":0},"end":{"line":18,"column":49}},"16":{"start":{"line":19,"column":0},"end":{"line":19,"column":66}},"17":{"start":{"line":21,"column":0},"end":{"line":21,"column":24}}},"fnMap":{},"branchMap":{},"s":{"0":1,"1":1,"2":1,"3":1,"4":1,"5":1,"6":1,"7":1,"8":1,"9":1,"10":1,"11":1,"12":1,"13":1,"14":1,"15":1,"16":1,"17":1},"f":{},"b":{},"_coverageSchema":"1a1c01bbd47fc00a2c39e90264f33305004495a9","hash":"5704a65b8da39a2a218383c06e050c6e647270d0"}
,"C:\\Data\\Code\\MEAN\\E-Mall ProConnect\\Template\\Backend\\modules\\blog\\service\\blog.service.js": {"path":"C:\\Data\\Code\\MEAN\\E-Mall ProConnect\\Template\\Backend\\modules\\blog\\service\\blog.service.js","statementMap":{"0":{"start":{"line":17,"column":0},"end":{"line":17,"column":29}}},"fnMap":{"0":{"name":"(anonymous_0)","decl":{"start":{"line":2,"column":4},"end":{"line":2,"column":5}},"loc":{"start":{"line":2,"column":31},"end":{"line":2,"column":34}},"line":2},"1":{"name":"(anonymous_1)","decl":{"start":{"line":3,"column":4},"end":{"line":3,"column":5}},"loc":{"start":{"line":3,"column":26},"end":{"line":3,"column":29}},"line":3},"2":{"name":"(anonymous_2)","decl":{"start":{"line":4,"column":4},"end":{"line":4,"column":5}},"loc":{"start":{"line":4,"column":42},"end":{"line":4,"column":45}},"line":4},"3":{"name":"(anonymous_3)","decl":{"start":{"line":5,"column":4},"end":{"line":5,"column":5}},"loc":{"start":{"line":5,"column":29},"end":{"line":5,"column":32}},"line":5},"4":{"name":"(anonymous_4)","decl":{"start":{"line":6,"column":4},"end":{"line":6,"column":5}},"loc":{"start":{"line":6,"column":24},"end":{"line":6,"column":27}},"line":6},"5":{"name":"(anonymous_5)","decl":{"start":{"line":7,"column":4},"end":{"line":7,"column":5}},"loc":{"start":{"line":7,"column":28},"end":{"line":7,"column":31}},"line":7},"6":{"name":"(anonymous_6)","decl":{"start":{"line":8,"column":4},"end":{"line":8,"column":5}},"loc":{"start":{"line":8,"column":38},"end":{"line":8,"column":41}},"line":8},"7":{"name":"(anonymous_7)","decl":{"start":{"line":9,"column":4},"end":{"line":9,"column":5}},"loc":{"start":{"line":9,"column":57},"end":{"line":9,"column":60}},"line":9},"8":{"name":"(anonymous_8)","decl":{"start":{"line":10,"column":4},"end":{"line":10,"column":5}},"loc":{"start":{"line":10,"column":43},"end":{"line":10,"column":46}},"line":10},"9":{"name":"(anonymous_9)","decl":{"start":{"line":11,"column":4},"end":{"line":11,"column":5}},"loc":{"start":{"line":11,"column":26},"end":{"line":11,"column":29}},"line":11},"10":{"name":"(anonymous_10)","decl":{"start":{"line":12,"column":4},"end":{"line":12,"column":5}},"loc":{"start":{"line":12,"column":27},"end":{"line":12,"column":30}},"line":12},"11":{"name":"(anonymous_11)","decl":{"start":{"line":13,"column":4},"end":{"line":13,"column":5}},"loc":{"start":{"line":13,"column":34},"end":{"line":13,"column":37}},"line":13},"12":{"name":"(anonymous_12)","decl":{"start":{"line":14,"column":4},"end":{"line":14,"column":5}},"loc":{"start":{"line":14,"column":38},"end":{"line":14,"column":41}},"line":14}},"branchMap":{},"s":{"0":2},"f":{"0":0,"1":0,"2":0,"3":0,"4":0,"5":0,"6":0,"7":0,"8":0,"9":0,"10":0,"11":0,"12":0},"b":{},"_coverageSchema":"1a1c01bbd47fc00a2c39e90264f33305004495a9","hash":"814d7b7feb0b12d555844993c77c123fb3880fb7"}
,"C:\\Data\\Code\\MEAN\\E-Mall ProConnect\\Template\\Backend\\modules\\blog\\service\\impl\\blog.serviceImpl.js": {"path":"C:\\Data\\Code\\MEAN\\E-Mall ProConnect\\Template\\Backend\\modules\\blog\\service\\impl\\blog.serviceImpl.js","statementMap":{"0":{"start":{"line":1,"column":20},"end":{"line":1,"column":46}},"1":{"start":{"line":6,"column":8},"end":{"line":6,"column":20}},"2":{"start":{"line":11,"column":8},"end":{"line":11,"column":20}},"3":{"start":{"line":16,"column":8},"end":{"line":16,"column":20}},"4":{"start":{"line":21,"column":8},"end":{"line":21,"column":20}},"5":{"start":{"line":26,"column":8},"end":{"line":26,"column":20}},"6":{"start":{"line":31,"column":8},"end":{"line":31,"column":20}},"7":{"start":{"line":36,"column":8},"end":{"line":36,"column":20}},"8":{"start":{"line":41,"column":8},"end":{"line":41,"column":20}},"9":{"start":{"line":46,"column":8},"end":{"line":46,"column":20}},"10":{"start":{"line":51,"column":8},"end":{"line":51,"column":20}},"11":{"start":{"line":56,"column":8},"end":{"line":56,"column":20}},"12":{"start":{"line":61,"column":8},"end":{"line":61,"column":20}},"13":{"start":{"line":66,"column":8},"end":{"line":66,"column":20}},"14":{"start":{"line":70,"column":0},"end":{"line":70,"column":33}}},"fnMap":{"0":{"name":"(anonymous_0)","decl":{"start":{"line":4,"column":4},"end":{"line":4,"column":5}},"loc":{"start":{"line":4,"column":31},"end":{"line":7,"column":5}},"line":4},"1":{"name":"(anonymous_1)","decl":{"start":{"line":9,"column":4},"end":{"line":9,"column":5}},"loc":{"start":{"line":9,"column":26},"end":{"line":12,"column":5}},"line":9},"2":{"name":"(anonymous_2)","decl":{"start":{"line":14,"column":4},"end":{"line":14,"column":5}},"loc":{"start":{"line":14,"column":42},"end":{"line":17,"column":5}},"line":14},"3":{"name":"(anonymous_3)","decl":{"start":{"line":19,"column":4},"end":{"line":19,"column":5}},"loc":{"start":{"line":19,"column":29},"end":{"line":22,"column":5}},"line":19},"4":{"name":"(anonymous_4)","decl":{"start":{"line":24,"column":4},"end":{"line":24,"column":5}},"loc":{"start":{"line":24,"column":24},"end":{"line":27,"column":5}},"line":24},"5":{"name":"(anonymous_5)","decl":{"start":{"line":29,"column":4},"end":{"line":29,"column":5}},"loc":{"start":{"line":29,"column":28},"end":{"line":32,"column":5}},"line":29},"6":{"name":"(anonymous_6)","decl":{"start":{"line":34,"column":4},"end":{"line":34,"column":5}},"loc":{"start":{"line":34,"column":38},"end":{"line":37,"column":5}},"line":34},"7":{"name":"(anonymous_7)","decl":{"start":{"line":39,"column":4},"end":{"line":39,"column":5}},"loc":{"start":{"line":39,"column":57},"end":{"line":42,"column":5}},"line":39},"8":{"name":"(anonymous_8)","decl":{"start":{"line":44,"column":4},"end":{"line":44,"column":5}},"loc":{"start":{"line":44,"column":43},"end":{"line":47,"column":5}},"line":44},"9":{"name":"(anonymous_9)","decl":{"start":{"line":49,"column":4},"end":{"line":49,"column":5}},"loc":{"start":{"line":49,"column":26},"end":{"line":52,"column":5}},"line":49},"10":{"name":"(anonymous_10)","decl":{"start":{"line":54,"column":4},"end":{"line":54,"column":5}},"loc":{"start":{"line":54,"column":27},"end":{"line":57,"column":5}},"line":54},"11":{"name":"(anonymous_11)","decl":{"start":{"line":59,"column":4},"end":{"line":59,"column":5}},"loc":{"start":{"line":59,"column":34},"end":{"line":62,"column":5}},"line":59},"12":{"name":"(anonymous_12)","decl":{"start":{"line":64,"column":4},"end":{"line":64,"column":5}},"loc":{"start":{"line":64,"column":38},"end":{"line":67,"column":5}},"line":64}},"branchMap":{},"s":{"0":2,"1":2,"2":2,"3":3,"4":3,"5":2,"6":1,"7":0,"8":0,"9":0,"10":1,"11":1,"12":1,"13":0,"14":2},"f":{"0":2,"1":2,"2":3,"3":3,"4":2,"5":1,"6":0,"7":0,"8":0,"9":1,"10":1,"11":1,"12":0},"b":{},"_coverageSchema":"1a1c01bbd47fc00a2c39e90264f33305004495a9","hash":"b0aedc6a4de24d6421641ba6eca05075bf17f9e5"}
,"C:\\Data\\Code\\MEAN\\E-Mall ProConnect\\Template\\Backend\\modules\\middleware\\authAdminMiddleware.js": {"path":"C:\\Data\\Code\\MEAN\\E-Mall ProConnect\\Template\\Backend\\modules\\middleware\\authAdminMiddleware.js","statementMap":{"0":{"start":{"line":3,"column":4},"end":{"line":3,"column":16}},"1":{"start":{"line":6,"column":0},"end":{"line":6,"column":33}}},"fnMap":{"0":{"name":"adminMiddleware","decl":{"start":{"line":1,"column":9},"end":{"line":1,"column":24}},"loc":{"start":{"line":1,"column":41},"end":{"line":4,"column":1}},"line":1}},"branchMap":{},"s":{"0":0,"1":3},"f":{"0":0},"b":{},"_coverageSchema":"1a1c01bbd47fc00a2c39e90264f33305004495a9","hash":"cd9116a16f960482ee057b30112b9888903cd0f2"}
,"C:\\Data\\Code\\MEAN\\E-Mall ProConnect\\Template\\Backend\\modules\\middleware\\authUserMiddleware.js": {"path":"C:\\Data\\Code\\MEAN\\E-Mall ProConnect\\Template\\Backend\\modules\\middleware\\authUserMiddleware.js","statementMap":{"0":{"start":{"line":1,"column":12},"end":{"line":1,"column":35}},"1":{"start":{"line":5,"column":4},"end":{"line":5,"column":16}},"2":{"start":{"line":8,"column":0},"end":{"line":8,"column":32}}},"fnMap":{"0":{"name":"authMiddleware","decl":{"start":{"line":3,"column":9},"end":{"line":3,"column":23}},"loc":{"start":{"line":3,"column":40},"end":{"line":6,"column":1}},"line":3}},"branchMap":{},"s":{"0":4,"1":37,"2":4},"f":{"0":37},"b":{},"_coverageSchema":"1a1c01bbd47fc00a2c39e90264f33305004495a9","hash":"73b8e700f597593443384630bad962505aecd776"}
,"C:\\Data\\Code\\MEAN\\E-Mall ProConnect\\Template\\Backend\\modules\\order\\controller\\order.controller.js": {"path":"C:\\Data\\Code\\MEAN\\E-Mall ProConnect\\Template\\Backend\\modules\\order\\controller\\order.controller.js","statementMap":{"0":{"start":{"line":4,"column":8},"end":{"line":4,"column":20}},"1":{"start":{"line":9,"column":8},"end":{"line":9,"column":20}},"2":{"start":{"line":14,"column":8},"end":{"line":14,"column":20}},"3":{"start":{"line":19,"column":8},"end":{"line":19,"column":20}},"4":{"start":{"line":24,"column":8},"end":{"line":24,"column":20}},"5":{"start":{"line":29,"column":8},"end":{"line":29,"column":20}},"6":{"start":{"line":34,"column":8},"end":{"line":34,"column":20}},"7":{"start":{"line":39,"column":8},"end":{"line":39,"column":20}},"8":{"start":{"line":44,"column":8},"end":{"line":44,"column":20}},"9":{"start":{"line":49,"column":8},"end":{"line":49,"column":20}},"10":{"start":{"line":54,"column":8},"end":{"line":54,"column":20}},"11":{"start":{"line":59,"column":8},"end":{"line":59,"column":20}},"12":{"start":{"line":64,"column":8},"end":{"line":64,"column":20}},"13":{"start":{"line":69,"column":8},"end":{"line":69,"column":20}},"14":{"start":{"line":73,"column":0},"end":{"line":73,"column":33}}},"fnMap":{"0":{"name":"(anonymous_0)","decl":{"start":{"line":2,"column":4},"end":{"line":2,"column":5}},"loc":{"start":{"line":2,"column":33},"end":{"line":5,"column":5}},"line":2},"1":{"name":"(anonymous_1)","decl":{"start":{"line":7,"column":4},"end":{"line":7,"column":5}},"loc":{"start":{"line":7,"column":32},"end":{"line":10,"column":5}},"line":7},"2":{"name":"(anonymous_2)","decl":{"start":{"line":12,"column":4},"end":{"line":12,"column":5}},"loc":{"start":{"line":12,"column":29},"end":{"line":15,"column":5}},"line":12},"3":{"name":"(anonymous_3)","decl":{"start":{"line":17,"column":4},"end":{"line":17,"column":5}},"loc":{"start":{"line":17,"column":32},"end":{"line":20,"column":5}},"line":17},"4":{"name":"(anonymous_4)","decl":{"start":{"line":22,"column":4},"end":{"line":22,"column":5}},"loc":{"start":{"line":22,"column":32},"end":{"line":25,"column":5}},"line":22},"5":{"name":"(anonymous_5)","decl":{"start":{"line":27,"column":4},"end":{"line":27,"column":5}},"loc":{"start":{"line":27,"column":34},"end":{"line":30,"column":5}},"line":27},"6":{"name":"(anonymous_6)","decl":{"start":{"line":32,"column":4},"end":{"line":32,"column":5}},"loc":{"start":{"line":32,"column":32},"end":{"line":35,"column":5}},"line":32},"7":{"name":"(anonymous_7)","decl":{"start":{"line":37,"column":4},"end":{"line":37,"column":5}},"loc":{"start":{"line":37,"column":38},"end":{"line":40,"column":5}},"line":37},"8":{"name":"(anonymous_8)","decl":{"start":{"line":42,"column":4},"end":{"line":42,"column":5}},"loc":{"start":{"line":42,"column":35},"end":{"line":45,"column":5}},"line":42},"9":{"name":"(anonymous_9)","decl":{"start":{"line":47,"column":4},"end":{"line":47,"column":5}},"loc":{"start":{"line":47,"column":38},"end":{"line":50,"column":5}},"line":47},"10":{"name":"(anonymous_10)","decl":{"start":{"line":52,"column":4},"end":{"line":52,"column":5}},"loc":{"start":{"line":52,"column":36},"end":{"line":55,"column":5}},"line":52},"11":{"name":"(anonymous_11)","decl":{"start":{"line":57,"column":4},"end":{"line":57,"column":5}},"loc":{"start":{"line":57,"column":34},"end":{"line":60,"column":5}},"line":57},"12":{"name":"(anonymous_12)","decl":{"start":{"line":62,"column":4},"end":{"line":62,"column":5}},"loc":{"start":{"line":62,"column":40},"end":{"line":65,"column":5}},"line":62},"13":{"name":"(anonymous_13)","decl":{"start":{"line":67,"column":4},"end":{"line":67,"column":5}},"loc":{"start":{"line":67,"column":38},"end":{"line":70,"column":5}},"line":67}},"branchMap":{},"s":{"0":0,"1":2,"2":2,"3":2,"4":3,"5":1,"6":1,"7":1,"8":1,"9":1,"10":1,"11":1,"12":1,"13":0,"14":1},"f":{"0":0,"1":2,"2":2,"3":2,"4":3,"5":1,"6":1,"7":1,"8":1,"9":1,"10":1,"11":1,"12":1,"13":0},"b":{},"_coverageSchema":"1a1c01bbd47fc00a2c39e90264f33305004495a9","hash":"1a440af61c79df653f8ae2ca1d5da0f5d7901ff3"}
,"C:\\Data\\Code\\MEAN\\E-Mall ProConnect\\Template\\Backend\\modules\\order\\dao\\models\\order.model.js": {"path":"C:\\Data\\Code\\MEAN\\E-Mall ProConnect\\Template\\Backend\\modules\\order\\dao\\models\\order.model.js","statementMap":{"0":{"start":{"line":1,"column":15},"end":{"line":1,"column":34}},"1":{"start":{"line":3,"column":18},"end":{"line":3,"column":52}},"2":{"start":{"line":4,"column":0},"end":{"line":4,"column":54}}},"fnMap":{},"branchMap":{},"s":{"0":2,"1":2,"2":2},"f":{},"b":{},"_coverageSchema":"1a1c01bbd47fc00a2c39e90264f33305004495a9","hash":"063be5a781e505a809480498e1befdacc6ab4d9e"}
,"C:\\Data\\Code\\MEAN\\E-Mall ProConnect\\Template\\Backend\\modules\\order\\dao\\schemas\\order.schema.js": {"path":"C:\\Data\\Code\\MEAN\\E-Mall ProConnect\\Template\\Backend\\modules\\order\\dao\\schemas\\order.schema.js","statementMap":{"0":{"start":{"line":1,"column":17},"end":{"line":1,"column":36}},"1":{"start":{"line":3,"column":20},"end":{"line":21,"column":2}},"2":{"start":{"line":23,"column":0},"end":{"line":23,"column":29}}},"fnMap":{},"branchMap":{},"s":{"0":2,"1":2,"2":2},"f":{},"b":{},"_coverageSchema":"1a1c01bbd47fc00a2c39e90264f33305004495a9","hash":"6d0083878fbca8631e85cd29bc983fd3b0528c9a"}
,"C:\\Data\\Code\\MEAN\\E-Mall ProConnect\\Template\\Backend\\modules\\order\\routes\\order.routes.js": {"path":"C:\\Data\\Code\\MEAN\\E-Mall ProConnect\\Template\\Backend\\modules\\order\\routes\\order.routes.js","statementMap":{"0":{"start":{"line":1,"column":16},"end":{"line":1,"column":34}},"1":{"start":{"line":2,"column":15},"end":{"line":2,"column":31}},"2":{"start":{"line":4,"column":24},"end":{"line":4,"column":65}},"3":{"start":{"line":5,"column":24},"end":{"line":5,"column":45}},"4":{"start":{"line":7,"column":0},"end":{"line":7,"column":49}},"5":{"start":{"line":8,"column":0},"end":{"line":8,"column":52}},"6":{"start":{"line":9,"column":0},"end":{"line":9,"column":45}},"7":{"start":{"line":10,"column":0},"end":{"line":10,"column":48}},"8":{"start":{"line":11,"column":0},"end":{"line":11,"column":51}},"9":{"start":{"line":12,"column":0},"end":{"line":12,"column":59}},"10":{"start":{"line":13,"column":0},"end":{"line":13,"column":58}},"11":{"start":{"line":14,"column":0},"end":{"line":14,"column":62}},"12":{"start":{"line":15,"column":0},"end":{"line":15,"column":56}},"13":{"start":{"line":16,"column":0},"end":{"line":16,"column":60}},"14":{"start":{"line":17,"column":0},"end":{"line":17,"column":60}},"15":{"start":{"line":18,"column":0},"end":{"line":18,"column":59}},"16":{"start":{"line":19,"column":0},"end":{"line":19,"column":60}},"17":{"start":{"line":20,"column":0},"end":{"line":20,"column":77}},"18":{"start":{"line":22,"column":0},"end":{"line":22,"column":24}}},"fnMap":{},"branchMap":{},"s":{"0":1,"1":1,"2":1,"3":1,"4":1,"5":1,"6":1,"7":1,"8":1,"9":1,"10":1,"11":1,"12":1,"13":1,"14":1,"15":1,"16":1,"17":1,"18":1},"f":{},"b":{},"_coverageSchema":"1a1c01bbd47fc00a2c39e90264f33305004495a9","hash":"2ff332bdad19ca82e9b5f391a4710b6918b142b2"}
,"C:\\Data\\Code\\MEAN\\E-Mall ProConnect\\Template\\Backend\\modules\\order\\service\\order.service.js": {"path":"C:\\Data\\Code\\MEAN\\E-Mall ProConnect\\Template\\Backend\\modules\\order\\service\\order.service.js","statementMap":{"0":{"start":{"line":18,"column":0},"end":{"line":18,"column":30}}},"fnMap":{"0":{"name":"(anonymous_0)","decl":{"start":{"line":2,"column":4},"end":{"line":2,"column":5}},"loc":{"start":{"line":2,"column":33},"end":{"line":2,"column":36}},"line":2},"1":{"name":"(anonymous_1)","decl":{"start":{"line":3,"column":4},"end":{"line":3,"column":5}},"loc":{"start":{"line":3,"column":28},"end":{"line":3,"column":31}},"line":3},"2":{"name":"(anonymous_2)","decl":{"start":{"line":4,"column":4},"end":{"line":4,"column":5}},"loc":{"start":{"line":4,"column":45},"end":{"line":4,"column":48}},"line":4},"3":{"name":"(anonymous_3)","decl":{"start":{"line":5,"column":4},"end":{"line":5,"column":5}},"loc":{"start":{"line":5,"column":31},"end":{"line":5,"column":34}},"line":5},"4":{"name":"(anonymous_4)","decl":{"start":{"line":6,"column":4},"end":{"line":6,"column":5}},"loc":{"start":{"line":6,"column":32},"end":{"line":6,"column":35}},"line":6},"5":{"name":"(anonymous_5)","decl":{"start":{"line":7,"column":4},"end":{"line":7,"column":5}},"loc":{"start":{"line":7,"column":31},"end":{"line":7,"column":34}},"line":7},"6":{"name":"(anonymous_6)","decl":{"start":{"line":8,"column":4},"end":{"line":8,"column":5}},"loc":{"start":{"line":8,"column":42},"end":{"line":8,"column":45}},"line":8},"7":{"name":"(anonymous_7)","decl":{"start":{"line":9,"column":4},"end":{"line":9,"column":5}},"loc":{"start":{"line":9,"column":34},"end":{"line":9,"column":37}},"line":9},"8":{"name":"(anonymous_8)","decl":{"start":{"line":10,"column":4},"end":{"line":10,"column":5}},"loc":{"start":{"line":10,"column":30},"end":{"line":10,"column":33}},"line":10},"9":{"name":"(anonymous_9)","decl":{"start":{"line":11,"column":4},"end":{"line":11,"column":5}},"loc":{"start":{"line":11,"column":35},"end":{"line":11,"column":38}},"line":11},"10":{"name":"(anonymous_10)","decl":{"start":{"line":12,"column":4},"end":{"line":12,"column":5}},"loc":{"start":{"line":12,"column":33},"end":{"line":12,"column":36}},"line":12},"11":{"name":"(anonymous_11)","decl":{"start":{"line":13,"column":4},"end":{"line":13,"column":5}},"loc":{"start":{"line":13,"column":32},"end":{"line":13,"column":35}},"line":13},"12":{"name":"(anonymous_12)","decl":{"start":{"line":14,"column":4},"end":{"line":14,"column":5}},"loc":{"start":{"line":14,"column":47},"end":{"line":14,"column":50}},"line":14},"13":{"name":"(anonymous_13)","decl":{"start":{"line":15,"column":4},"end":{"line":15,"column":5}},"loc":{"start":{"line":15,"column":25},"end":{"line":15,"column":28}},"line":15}},"branchMap":{},"s":{"0":2},"f":{"0":0,"1":0,"2":0,"3":0,"4":0,"5":0,"6":0,"7":0,"8":0,"9":0,"10":0,"11":0,"12":0,"13":0},"b":{},"_coverageSchema":"1a1c01bbd47fc00a2c39e90264f33305004495a9","hash":"b73bab7bd79e03952ce8f9ff4e9983fff31b4c78"}
,"C:\\Data\\Code\\MEAN\\E-Mall ProConnect\\Template\\Backend\\modules\\order\\service\\impl\\order.serviceImpl.js": {"path":"C:\\Data\\Code\\MEAN\\E-Mall ProConnect\\Template\\Backend\\modules\\order\\service\\impl\\order.serviceImpl.js","statementMap":{"0":{"start":{"line":1,"column":21},"end":{"line":1,"column":48}},"1":{"start":{"line":6,"column":8},"end":{"line":6,"column":20}},"2":{"start":{"line":11,"column":8},"end":{"line":11,"column":20}},"3":{"start":{"line":16,"column":8},"end":{"line":16,"column":20}},"4":{"start":{"line":21,"column":8},"end":{"line":21,"column":20}},"5":{"start":{"line":26,"column":8},"end":{"line":26,"column":20}},"6":{"start":{"line":31,"column":8},"end":{"line":31,"column":20}},"7":{"start":{"line":36,"column":8},"end":{"line":36,"column":20}},"8":{"start":{"line":41,"column":8},"end":{"line":41,"column":20}},"9":{"start":{"line":46,"column":8},"end":{"line":46,"column":20}},"10":{"start":{"line":51,"column":8},"end":{"line":51,"column":20}},"11":{"start":{"line":56,"column":8},"end":{"line":56,"column":20}},"12":{"start":{"line":61,"column":8},"end":{"line":61,"column":20}},"13":{"start":{"line":66,"column":8},"end":{"line":66,"column":20}},"14":{"start":{"line":71,"column":8},"end":{"line":71,"column":20}},"15":{"start":{"line":75,"column":0},"end":{"line":75,"column":34}}},"fnMap":{"0":{"name":"(anonymous_0)","decl":{"start":{"line":4,"column":4},"end":{"line":4,"column":5}},"loc":{"start":{"line":4,"column":33},"end":{"line":7,"column":5}},"line":4},"1":{"name":"(anonymous_1)","decl":{"start":{"line":9,"column":4},"end":{"line":9,"column":5}},"loc":{"start":{"line":9,"column":25},"end":{"line":12,"column":5}},"line":9},"2":{"name":"(anonymous_2)","decl":{"start":{"line":14,"column":4},"end":{"line":14,"column":5}},"loc":{"start":{"line":14,"column":28},"end":{"line":17,"column":5}},"line":14},"3":{"name":"(anonymous_3)","decl":{"start":{"line":19,"column":4},"end":{"line":19,"column":5}},"loc":{"start":{"line":19,"column":45},"end":{"line":22,"column":5}},"line":19},"4":{"name":"(anonymous_4)","decl":{"start":{"line":24,"column":4},"end":{"line":24,"column":5}},"loc":{"start":{"line":24,"column":31},"end":{"line":27,"column":5}},"line":24},"5":{"name":"(anonymous_5)","decl":{"start":{"line":29,"column":4},"end":{"line":29,"column":5}},"loc":{"start":{"line":29,"column":32},"end":{"line":32,"column":5}},"line":29},"6":{"name":"(anonymous_6)","decl":{"start":{"line":34,"column":4},"end":{"line":34,"column":5}},"loc":{"start":{"line":34,"column":31},"end":{"line":37,"column":5}},"line":34},"7":{"name":"(anonymous_7)","decl":{"start":{"line":39,"column":4},"end":{"line":39,"column":5}},"loc":{"start":{"line":39,"column":42},"end":{"line":42,"column":5}},"line":39},"8":{"name":"(anonymous_8)","decl":{"start":{"line":44,"column":4},"end":{"line":44,"column":5}},"loc":{"start":{"line":44,"column":34},"end":{"line":47,"column":5}},"line":44},"9":{"name":"(anonymous_9)","decl":{"start":{"line":49,"column":4},"end":{"line":49,"column":5}},"loc":{"start":{"line":49,"column":30},"end":{"line":52,"column":5}},"line":49},"10":{"name":"(anonymous_10)","decl":{"start":{"line":54,"column":4},"end":{"line":54,"column":5}},"loc":{"start":{"line":54,"column":35},"end":{"line":57,"column":5}},"line":54},"11":{"name":"(anonymous_11)","decl":{"start":{"line":59,"column":4},"end":{"line":59,"column":5}},"loc":{"start":{"line":59,"column":33},"end":{"line":62,"column":5}},"line":59},"12":{"name":"(anonymous_12)","decl":{"start":{"line":64,"column":4},"end":{"line":64,"column":5}},"loc":{"start":{"line":64,"column":32},"end":{"line":67,"column":5}},"line":64},"13":{"name":"(anonymous_13)","decl":{"start":{"line":69,"column":4},"end":{"line":69,"column":5}},"loc":{"start":{"line":69,"column":47},"end":{"line":72,"column":5}},"line":69}},"branchMap":{},"s":{"0":2,"1":2,"2":0,"3":2,"4":3,"5":3,"6":2,"7":2,"8":2,"9":1,"10":2,"11":2,"12":2,"13":2,"14":0,"15":2},"f":{"0":2,"1":0,"2":2,"3":3,"4":3,"5":2,"6":2,"7":2,"8":1,"9":2,"10":2,"11":2,"12":2,"13":0},"b":{},"_coverageSchema":"1a1c01bbd47fc00a2c39e90264f33305004495a9","hash":"efbea1f4e598c28193bf467364ac1d8ae1ae0e7b"}
,"C:\\Data\\Code\\MEAN\\E-Mall ProConnect\\Template\\Backend\\modules\\product\\controller\\product.controller.js": {"path":"C:\\Data\\Code\\MEAN\\E-Mall ProConnect\\Template\\Backend\\modules\\product\\controller\\product.controller.js","statementMap":{"0":{"start":{"line":4,"column":8},"end":{"line":4,"column":20}},"1":{"start":{"line":9,"column":8},"end":{"line":9,"column":20}},"2":{"start":{"line":14,"column":8},"end":{"line":14,"column":20}},"3":{"start":{"line":19,"column":8},"end":{"line":19,"column":20}},"4":{"start":{"line":24,"column":8},"end":{"line":24,"column":20}},"5":{"start":{"line":29,"column":8},"end":{"line":29,"column":20}},"6":{"start":{"line":34,"column":8},"end":{"line":34,"column":20}},"7":{"start":{"line":39,"column":8},"end":{"line":39,"column":20}},"8":{"start":{"line":44,"column":8},"end":{"line":44,"column":20}},"9":{"start":{"line":49,"column":8},"end":{"line":49,"column":20}},"10":{"start":{"line":54,"column":8},"end":{"line":54,"column":20}},"11":{"start":{"line":59,"column":8},"end":{"line":59,"column":20}},"12":{"start":{"line":64,"column":8},"end":{"line":64,"column":20}},"13":{"start":{"line":68,"column":0},"end":{"line":68,"column":35}}},"fnMap":{"0":{"name":"(anonymous_0)","decl":{"start":{"line":2,"column":4},"end":{"line":2,"column":5}},"loc":{"start":{"line":2,"column":34},"end":{"line":5,"column":5}},"line":2},"1":{"name":"(anonymous_1)","decl":{"start":{"line":7,"column":4},"end":{"line":7,"column":5}},"loc":{"start":{"line":7,"column":31},"end":{"line":10,"column":5}},"line":7},"2":{"name":"(anonymous_2)","decl":{"start":{"line":12,"column":4},"end":{"line":12,"column":5}},"loc":{"start":{"line":12,"column":34},"end":{"line":15,"column":5}},"line":12},"3":{"name":"(anonymous_3)","decl":{"start":{"line":17,"column":4},"end":{"line":17,"column":5}},"loc":{"start":{"line":17,"column":34},"end":{"line":20,"column":5}},"line":17},"4":{"name":"(anonymous_4)","decl":{"start":{"line":22,"column":4},"end":{"line":22,"column":5}},"loc":{"start":{"line":22,"column":35},"end":{"line":25,"column":5}},"line":22},"5":{"name":"(anonymous_5)","decl":{"start":{"line":27,"column":4},"end":{"line":27,"column":5}},"loc":{"start":{"line":27,"column":40},"end":{"line":30,"column":5}},"line":27},"6":{"name":"(anonymous_6)","decl":{"start":{"line":32,"column":4},"end":{"line":32,"column":5}},"loc":{"start":{"line":32,"column":34},"end":{"line":35,"column":5}},"line":32},"7":{"name":"(anonymous_7)","decl":{"start":{"line":37,"column":4},"end":{"line":37,"column":5}},"loc":{"start":{"line":37,"column":34},"end":{"line":40,"column":5}},"line":37},"8":{"name":"(anonymous_8)","decl":{"start":{"line":42,"column":4},"end":{"line":42,"column":5}},"loc":{"start":{"line":42,"column":33},"end":{"line":45,"column":5}},"line":42},"9":{"name":"(anonymous_9)","decl":{"start":{"line":47,"column":4},"end":{"line":47,"column":5}},"loc":{"start":{"line":47,"column":30},"end":{"line":50,"column":5}},"line":47},"10":{"name":"(anonymous_10)","decl":{"start":{"line":52,"column":4},"end":{"line":52,"column":5}},"loc":{"start":{"line":52,"column":29},"end":{"line":55,"column":5}},"line":52},"11":{"name":"(anonymous_11)","decl":{"start":{"line":57,"column":4},"end":{"line":57,"column":5}},"loc":{"start":{"line":57,"column":35},"end":{"line":60,"column":5}},"line":57},"12":{"name":"(anonymous_12)","decl":{"start":{"line":62,"column":4},"end":{"line":62,"column":5}},"loc":{"start":{"line":62,"column":35},"end":{"line":65,"column":5}},"line":62}},"branchMap":{},"s":{"0":1,"1":3,"2":4,"3":4,"4":2,"5":2,"6":2,"7":2,"8":0,"9":0,"10":2,"11":2,"12":2,"13":1},"f":{"0":1,"1":3,"2":4,"3":4,"4":2,"5":2,"6":2,"7":2,"8":0,"9":0,"10":2,"11":2,"12":2},"b":{},"_coverageSchema":"1a1c01bbd47fc00a2c39e90264f33305004495a9","hash":"30ab75a4d384f7040eff576a6ed3459acc9d4ccc"}
,"C:\\Data\\Code\\MEAN\\E-Mall ProConnect\\Template\\Backend\\modules\\product\\dao\\models\\cart.model.js": {"path":"C:\\Data\\Code\\MEAN\\E-Mall ProConnect\\Template\\Backend\\modules\\product\\dao\\models\\cart.model.js","statementMap":{"0":{"start":{"line":1,"column":17},"end":{"line":1,"column":36}},"1":{"start":{"line":3,"column":23},"end":{"line":7,"column":2}},"2":{"start":{"line":9,"column":19},"end":{"line":14,"column":2}},"3":{"start":{"line":16,"column":13},"end":{"line":16,"column":47}},"4":{"start":{"line":18,"column":0},"end":{"line":18,"column":22}}},"fnMap":{},"branchMap":{},"s":{"0":1,"1":1,"2":1,"3":1,"4":1},"f":{},"b":{},"_coverageSchema":"1a1c01bbd47fc00a2c39e90264f33305004495a9","hash":"bc89043004200abda22f6817f47662a103190ee9"}
,"C:\\Data\\Code\\MEAN\\E-Mall ProConnect\\Template\\Backend\\modules\\product\\dao\\models\\product.model.js": {"path":"C:\\Data\\Code\\MEAN\\E-Mall ProConnect\\Template\\Backend\\modules\\product\\dao\\models\\product.model.js","statementMap":{"0":{"start":{"line":1,"column":15},"end":{"line":1,"column":34}},"1":{"start":{"line":3,"column":20},"end":{"line":3,"column":56}},"2":{"start":{"line":4,"column":0},"end":{"line":4,"column":58}}},"fnMap":{},"branchMap":{},"s":{"0":2,"1":2,"2":2},"f":{},"b":{},"_coverageSchema":"1a1c01bbd47fc00a2c39e90264f33305004495a9","hash":"daef17b0865296877346b895fb7bc3a89ae5d9df"}
,"C:\\Data\\Code\\MEAN\\E-Mall ProConnect\\Template\\Backend\\modules\\product\\dao\\schemas\\product.schema.js": {"path":"C:\\Data\\Code\\MEAN\\E-Mall ProConnect\\Template\\Backend\\modules\\product\\dao\\schemas\\product.schema.js","statementMap":{"0":{"start":{"line":1,"column":17},"end":{"line":1,"column":36}},"1":{"start":{"line":3,"column":22},"end":{"line":10,"column":2}},"2":{"start":{"line":12,"column":0},"end":{"line":12,"column":31}}},"fnMap":{},"branchMap":{},"s":{"0":2,"1":2,"2":2},"f":{},"b":{},"_coverageSchema":"1a1c01bbd47fc00a2c39e90264f33305004495a9","hash":"2a0c013d9e1d2f3908d304a258d5215e889d5722"}
,"C:\\Data\\Code\\MEAN\\E-Mall ProConnect\\Template\\Backend\\modules\\product\\routes\\product.routes.js": {"path":"C:\\Data\\Code\\MEAN\\E-Mall ProConnect\\Template\\Backend\\modules\\product\\routes\\product.routes.js","statementMap":{"0":{"start":{"line":1,"column":16},"end":{"line":1,"column":34}},"1":{"start":{"line":2,"column":15},"end":{"line":2,"column":31}},"2":{"start":{"line":4,"column":26},"end":{"line":4,"column":69}},"3":{"start":{"line":5,"column":26},"end":{"line":5,"column":49}},"4":{"start":{"line":7,"column":0},"end":{"line":7,"column":53}},"5":{"start":{"line":8,"column":0},"end":{"line":8,"column":56}},"6":{"start":{"line":9,"column":0},"end":{"line":9,"column":55}},"7":{"start":{"line":10,"column":0},"end":{"line":10,"column":71}},"8":{"start":{"line":11,"column":0},"end":{"line":11,"column":66}},"9":{"start":{"line":12,"column":0},"end":{"line":12,"column":56}},"10":{"start":{"line":13,"column":0},"end":{"line":13,"column":62}},"11":{"start":{"line":14,"column":0},"end":{"line":14,"column":70}},"12":{"start":{"line":15,"column":0},"end":{"line":15,"column":77}},"13":{"start":{"line":16,"column":0},"end":{"line":16,"column":80}},"14":{"start":{"line":17,"column":0},"end":{"line":17,"column":49}},"15":{"start":{"line":18,"column":0},"end":{"line":18,"column":52}},"16":{"start":{"line":19,"column":0},"end":{"line":19,"column":55}},"17":{"start":{"line":21,"column":0},"end":{"line":21,"column":24}}},"fnMap":{},"branchMap":{},"s":{"0":1,"1":1,"2":1,"3":1,"4":1,"5":1,"6":1,"7":1,"8":1,"9":1,"10":1,"11":1,"12":1,"13":1,"14":1,"15":1,"16":1,"17":1},"f":{},"b":{},"_coverageSchema":"1a1c01bbd47fc00a2c39e90264f33305004495a9","hash":"53621af75ac1cd5062517ae47849539f7e3db8ed"}
,"C:\\Data\\Code\\MEAN\\E-Mall ProConnect\\Template\\Backend\\modules\\product\\service\\product.service.js": {"path":"C:\\Data\\Code\\MEAN\\E-Mall ProConnect\\Template\\Backend\\modules\\product\\service\\product.service.js","statementMap":{"0":{"start":{"line":17,"column":0},"end":{"line":17,"column":32}}},"fnMap":{"0":{"name":"(anonymous_0)","decl":{"start":{"line":2,"column":4},"end":{"line":2,"column":5}},"loc":{"start":{"line":2,"column":37},"end":{"line":2,"column":40}},"line":2},"1":{"name":"(anonymous_1)","decl":{"start":{"line":3,"column":4},"end":{"line":3,"column":5}},"loc":{"start":{"line":3,"column":32},"end":{"line":3,"column":35}},"line":3},"2":{"name":"(anonymous_2)","decl":{"start":{"line":4,"column":4},"end":{"line":4,"column":5}},"loc":{"start":{"line":4,"column":51},"end":{"line":4,"column":54}},"line":4},"3":{"name":"(anonymous_3)","decl":{"start":{"line":5,"column":4},"end":{"line":5,"column":5}},"loc":{"start":{"line":5,"column":35},"end":{"line":5,"column":38}},"line":5},"4":{"name":"(anonymous_4)","decl":{"start":{"line":6,"column":4},"end":{"line":6,"column":5}},"loc":{"start":{"line":6,"column":27},"end":{"line":6,"column":30}},"line":6},"5":{"name":"(anonymous_5)","decl":{"start":{"line":7,"column":4},"end":{"line":7,"column":5}},"loc":{"start":{"line":7,"column":37},"end":{"line":7,"column":40}},"line":7},"6":{"name":"(anonymous_6)","decl":{"start":{"line":8,"column":4},"end":{"line":8,"column":5}},"loc":{"start":{"line":8,"column":43},"end":{"line":8,"column":46}},"line":8},"7":{"name":"(anonymous_7)","decl":{"start":{"line":9,"column":4},"end":{"line":9,"column":5}},"loc":{"start":{"line":9,"column":52},"end":{"line":9,"column":55}},"line":9},"8":{"name":"(anonymous_8)","decl":{"start":{"line":10,"column":4},"end":{"line":10,"column":5}},"loc":{"start":{"line":10,"column":31},"end":{"line":10,"column":34}},"line":10},"9":{"name":"(anonymous_9)","decl":{"start":{"line":11,"column":4},"end":{"line":11,"column":5}},"loc":{"start":{"line":11,"column":49},"end":{"line":11,"column":52}},"line":11},"10":{"name":"(anonymous_10)","decl":{"start":{"line":12,"column":4},"end":{"line":12,"column":5}},"loc":{"start":{"line":12,"column":27},"end":{"line":12,"column":30}},"line":12},"11":{"name":"(anonymous_11)","decl":{"start":{"line":13,"column":4},"end":{"line":13,"column":5}},"loc":{"start":{"line":13,"column":51},"end":{"line":13,"column":54}},"line":13},"12":{"name":"(anonymous_12)","decl":{"start":{"line":14,"column":4},"end":{"line":14,"column":5}},"loc":{"start":{"line":14,"column":41},"end":{"line":14,"column":44}},"line":14}},"branchMap":{},"s":{"0":2},"f":{"0":0,"1":0,"2":0,"3":0,"4":0,"5":0,"6":0,"7":0,"8":0,"9":0,"10":0,"11":0,"12":0},"b":{},"_coverageSchema":"1a1c01bbd47fc00a2c39e90264f33305004495a9","hash":"7a69d073b4f7446f15332e0a1503e3e16e5893cd"}
,"C:\\Data\\Code\\MEAN\\E-Mall ProConnect\\Template\\Backend\\modules\\product\\service\\impl\\product.serviceImpl.js": {"path":"C:\\Data\\Code\\MEAN\\E-Mall ProConnect\\Template\\Backend\\modules\\product\\service\\impl\\product.serviceImpl.js","statementMap":{"0":{"start":{"line":1,"column":23},"end":{"line":1,"column":52}},"1":{"start":{"line":6,"column":8},"end":{"line":6,"column":20}},"2":{"start":{"line":11,"column":8},"end":{"line":11,"column":20}},"3":{"start":{"line":16,"column":8},"end":{"line":16,"column":20}},"4":{"start":{"line":21,"column":8},"end":{"line":21,"column":20}},"5":{"start":{"line":26,"column":8},"end":{"line":26,"column":20}},"6":{"start":{"line":31,"column":8},"end":{"line":31,"column":20}},"7":{"start":{"line":36,"column":8},"end":{"line":36,"column":20}},"8":{"start":{"line":41,"column":8},"end":{"line":41,"column":20}},"9":{"start":{"line":46,"column":8},"end":{"line":46,"column":20}},"10":{"start":{"line":51,"column":8},"end":{"line":51,"column":20}},"11":{"start":{"line":56,"column":8},"end":{"line":56,"column":20}},"12":{"start":{"line":61,"column":8},"end":{"line":61,"column":20}},"13":{"start":{"line":66,"column":8},"end":{"line":66,"column":20}},"14":{"start":{"line":70,"column":0},"end":{"line":70,"column":36}}},"fnMap":{"0":{"name":"(anonymous_0)","decl":{"start":{"line":4,"column":4},"end":{"line":4,"column":5}},"loc":{"start":{"line":4,"column":37},"end":{"line":7,"column":5}},"line":4},"1":{"name":"(anonymous_1)","decl":{"start":{"line":9,"column":4},"end":{"line":9,"column":5}},"loc":{"start":{"line":9,"column":32},"end":{"line":12,"column":5}},"line":9},"2":{"name":"(anonymous_2)","decl":{"start":{"line":14,"column":4},"end":{"line":14,"column":5}},"loc":{"start":{"line":14,"column":51},"end":{"line":17,"column":5}},"line":14},"3":{"name":"(anonymous_3)","decl":{"start":{"line":19,"column":4},"end":{"line":19,"column":5}},"loc":{"start":{"line":19,"column":35},"end":{"line":22,"column":5}},"line":19},"4":{"name":"(anonymous_4)","decl":{"start":{"line":24,"column":4},"end":{"line":24,"column":5}},"loc":{"start":{"line":24,"column":43},"end":{"line":27,"column":5}},"line":24},"5":{"name":"(anonymous_5)","decl":{"start":{"line":29,"column":4},"end":{"line":29,"column":5}},"loc":{"start":{"line":29,"column":37},"end":{"line":32,"column":5}},"line":29},"6":{"name":"(anonymous_6)","decl":{"start":{"line":34,"column":4},"end":{"line":34,"column":5}},"loc":{"start":{"line":34,"column":27},"end":{"line":37,"column":5}},"line":34},"7":{"name":"(anonymous_7)","decl":{"start":{"line":39,"column":4},"end":{"line":39,"column":5}},"loc":{"start":{"line":39,"column":52},"end":{"line":42,"column":5}},"line":39},"8":{"name":"(anonymous_8)","decl":{"start":{"line":44,"column":4},"end":{"line":44,"column":5}},"loc":{"start":{"line":44,"column":55},"end":{"line":47,"column":5}},"line":44},"9":{"name":"(anonymous_9)","decl":{"start":{"line":49,"column":4},"end":{"line":49,"column":5}},"loc":{"start":{"line":49,"column":56},"end":{"line":52,"column":5}},"line":49},"10":{"name":"(anonymous_10)","decl":{"start":{"line":54,"column":4},"end":{"line":54,"column":5}},"loc":{"start":{"line":54,"column":27},"end":{"line":57,"column":5}},"line":54},"11":{"name":"(anonymous_11)","decl":{"start":{"line":59,"column":4},"end":{"line":59,"column":5}},"loc":{"start":{"line":59,"column":51},"end":{"line":62,"column":5}},"line":59},"12":{"name":"(anonymous_12)","decl":{"start":{"line":64,"column":4},"end":{"line":64,"column":5}},"loc":{"start":{"line":64,"column":41},"end":{"line":67,"column":5}},"line":64}},"branchMap":{},"s":{"0":2,"1":2,"2":3,"3":4,"4":3,"5":2,"6":0,"7":0,"8":0,"9":0,"10":1,"11":0,"12":2,"13":2,"14":2},"f":{"0":2,"1":3,"2":4,"3":3,"4":2,"5":0,"6":0,"7":0,"8":0,"9":1,"10":0,"11":2,"12":2},"b":{},"_coverageSchema":"1a1c01bbd47fc00a2c39e90264f33305004495a9","hash":"04b60b934aa6d71d8a81069b74b9133e03a6f8f1"}
,"C:\\Data\\Code\\MEAN\\E-Mall ProConnect\\Template\\Backend\\modules\\user\\controller\\user.controller.js": {"path":"C:\\Data\\Code\\MEAN\\E-Mall ProConnect\\Template\\Backend\\modules\\user\\controller\\user.controller.js","statementMap":{"0":{"start":{"line":4,"column":8},"end":{"line":4,"column":20}},"1":{"start":{"line":9,"column":8},"end":{"line":9,"column":20}},"2":{"start":{"line":14,"column":8},"end":{"line":14,"column":20}},"3":{"start":{"line":19,"column":8},"end":{"line":19,"column":20}},"4":{"start":{"line":24,"column":8},"end":{"line":24,"column":20}},"5":{"start":{"line":29,"column":8},"end":{"line":29,"column":20}},"6":{"start":{"line":34,"column":8},"end":{"line":34,"column":20}},"7":{"start":{"line":39,"column":8},"end":{"line":39,"column":20}},"8":{"start":{"line":44,"column":8},"end":{"line":44,"column":20}},"9":{"start":{"line":48,"column":0},"end":{"line":48,"column":32}}},"fnMap":{"0":{"name":"(anonymous_0)","decl":{"start":{"line":2,"column":4},"end":{"line":2,"column":5}},"loc":{"start":{"line":2,"column":31},"end":{"line":5,"column":5}},"line":2},"1":{"name":"(anonymous_1)","decl":{"start":{"line":7,"column":4},"end":{"line":7,"column":5}},"loc":{"start":{"line":7,"column":35},"end":{"line":10,"column":5}},"line":7},"2":{"name":"(anonymous_2)","decl":{"start":{"line":12,"column":4},"end":{"line":12,"column":5}},"loc":{"start":{"line":12,"column":38},"end":{"line":15,"column":5}},"line":12},"3":{"name":"(anonymous_3)","decl":{"start":{"line":17,"column":4},"end":{"line":17,"column":5}},"loc":{"start":{"line":17,"column":31},"end":{"line":20,"column":5}},"line":17},"4":{"name":"(anonymous_4)","decl":{"start":{"line":22,"column":4},"end":{"line":22,"column":5}},"loc":{"start":{"line":22,"column":35},"end":{"line":25,"column":5}},"line":22},"5":{"name":"(anonymous_5)","decl":{"start":{"line":27,"column":4},"end":{"line":27,"column":5}},"loc":{"start":{"line":27,"column":36},"end":{"line":30,"column":5}},"line":27},"6":{"name":"(anonymous_6)","decl":{"start":{"line":32,"column":4},"end":{"line":32,"column":5}},"loc":{"start":{"line":32,"column":37},"end":{"line":35,"column":5}},"line":32},"7":{"name":"(anonymous_7)","decl":{"start":{"line":37,"column":4},"end":{"line":37,"column":5}},"loc":{"start":{"line":37,"column":39},"end":{"line":40,"column":5}},"line":37},"8":{"name":"(anonymous_8)","decl":{"start":{"line":42,"column":4},"end":{"line":42,"column":5}},"loc":{"start":{"line":42,"column":30},"end":{"line":45,"column":5}},"line":42}},"branchMap":{},"s":{"0":2,"1":2,"2":2,"3":2,"4":2,"5":2,"6":2,"7":2,"8":0,"9":1},"f":{"0":2,"1":2,"2":2,"3":2,"4":2,"5":2,"6":2,"7":2,"8":0},"b":{},"_coverageSchema":"1a1c01bbd47fc00a2c39e90264f33305004495a9","hash":"d651e3b1d81ea28c5b6d854bf5231b85ddbc22f8"}
,"C:\\Data\\Code\\MEAN\\E-Mall ProConnect\\Template\\Backend\\modules\\user\\dao\\models\\user.model.js": {"path":"C:\\Data\\Code\\MEAN\\E-Mall ProConnect\\Template\\Backend\\modules\\user\\dao\\models\\user.model.js","statementMap":{"0":{"start":{"line":1,"column":15},"end":{"line":1,"column":34}},"1":{"start":{"line":3,"column":17},"end":{"line":3,"column":50}},"2":{"start":{"line":4,"column":0},"end":{"line":4,"column":52}}},"fnMap":{},"branchMap":{},"s":{"0":3,"1":3,"2":3},"f":{},"b":{},"_coverageSchema":"1a1c01bbd47fc00a2c39e90264f33305004495a9","hash":"d97e39f1c11480850e5533c0f1d60c3cffe50e7f"}
,"C:\\Data\\Code\\MEAN\\E-Mall ProConnect\\Template\\Backend\\modules\\user\\dao\\schemas\\user.schema.js": {"path":"C:\\Data\\Code\\MEAN\\E-Mall ProConnect\\Template\\Backend\\modules\\user\\dao\\schemas\\user.schema.js","statementMap":{"0":{"start":{"line":1,"column":15},"end":{"line":1,"column":32}},"1":{"start":{"line":2,"column":17},"end":{"line":2,"column":36}},"2":{"start":{"line":4,"column":19},"end":{"line":20,"column":2}},"3":{"start":{"line":22,"column":0},"end":{"line":31,"column":3}},"4":{"start":{"line":23,"column":4},"end":{"line":23,"column":52}},"5":{"start":{"line":23,"column":38},"end":{"line":23,"column":52}},"6":{"start":{"line":24,"column":4},"end":{"line":30,"column":5}},"7":{"start":{"line":25,"column":21},"end":{"line":25,"column":45}},"8":{"start":{"line":26,"column":8},"end":{"line":26,"column":63}},"9":{"start":{"line":27,"column":8},"end":{"line":27,"column":15}},"10":{"start":{"line":29,"column":8},"end":{"line":29,"column":27}},"11":{"start":{"line":33,"column":0},"end":{"line":41,"column":2}},"12":{"start":{"line":34,"column":4},"end":{"line":40,"column":5}},"13":{"start":{"line":35,"column":41},"end":{"line":35,"column":65}},"14":{"start":{"line":36,"column":24},"end":{"line":36,"column":85}},"15":{"start":{"line":37,"column":8},"end":{"line":37,"column":23}},"16":{"start":{"line":39,"column":8},"end":{"line":39,"column":21}},"17":{"start":{"line":43,"column":0},"end":{"line":43,"column":28}}},"fnMap":{"0":{"name":"(anonymous_0)","decl":{"start":{"line":22,"column":23},"end":{"line":22,"column":24}},"loc":{"start":{"line":22,"column":45},"end":{"line":31,"column":1}},"line":22},"1":{"name":"(anonymous_1)","decl":{"start":{"line":33,"column":37},"end":{"line":33,"column":38}},"loc":{"start":{"line":33,"column":72},"end":{"line":41,"column":1}},"line":33}},"branchMap":{"0":{"loc":{"start":{"line":23,"column":4},"end":{"line":23,"column":52}},"type":"if","locations":[{"start":{"line":23,"column":4},"end":{"line":23,"column":52}},{"start":{},"end":{}}],"line":23}},"s":{"0":3,"1":3,"2":3,"3":3,"4":0,"5":0,"6":0,"7":0,"8":0,"9":0,"10":0,"11":3,"12":0,"13":0,"14":0,"15":0,"16":0,"17":3},"f":{"0":0,"1":0},"b":{"0":[0,0]},"_coverageSchema":"1a1c01bbd47fc00a2c39e90264f33305004495a9","hash":"fbf13948e6b38278e08ddd3c52c3d72e8c2cc9a8"}
,"C:\\Data\\Code\\MEAN\\E-Mall ProConnect\\Template\\Backend\\modules\\user\\routes\\user.routes.js": {"path":"C:\\Data\\Code\\MEAN\\E-Mall ProConnect\\Template\\Backend\\modules\\user\\routes\\user.routes.js","statementMap":{"0":{"start":{"line":1,"column":16},"end":{"line":1,"column":34}},"1":{"start":{"line":2,"column":15},"end":{"line":2,"column":31}},"2":{"start":{"line":4,"column":23},"end":{"line":4,"column":63}},"3":{"start":{"line":5,"column":23},"end":{"line":5,"column":43}},"4":{"start":{"line":7,"column":0},"end":{"line":7,"column":48}},"5":{"start":{"line":8,"column":0},"end":{"line":8,"column":50}},"6":{"start":{"line":9,"column":0},"end":{"line":9,"column":50}},"7":{"start":{"line":10,"column":0},"end":{"line":10,"column":53}},"8":{"start":{"line":11,"column":0},"end":{"line":11,"column":49}},"9":{"start":{"line":12,"column":0},"end":{"line":12,"column":60}},"10":{"start":{"line":13,"column":0},"end":{"line":13,"column":62}},"11":{"start":{"line":14,"column":0},"end":{"line":14,"column":70}},"12":{"start":{"line":15,"column":0},"end":{"line":15,"column":59}},"13":{"start":{"line":17,"column":0},"end":{"line":17,"column":24}}},"fnMap":{},"branchMap":{},"s":{"0":1,"1":1,"2":1,"3":1,"4":1,"5":1,"6":1,"7":1,"8":1,"9":1,"10":1,"11":1,"12":1,"13":1},"f":{},"b":{},"_coverageSchema":"1a1c01bbd47fc00a2c39e90264f33305004495a9","hash":"e4b9ad979fd238fb517eec50a7228d4d2c7bff92"}
,"C:\\Data\\Code\\MEAN\\E-Mall ProConnect\\Template\\Backend\\modules\\user\\service\\user.service.js": {"path":"C:\\Data\\Code\\MEAN\\E-Mall ProConnect\\Template\\Backend\\modules\\user\\service\\user.service.js","statementMap":{"0":{"start":{"line":13,"column":0},"end":{"line":13,"column":29}}},"fnMap":{"0":{"name":"(anonymous_0)","decl":{"start":{"line":2,"column":4},"end":{"line":2,"column":5}},"loc":{"start":{"line":2,"column":31},"end":{"line":2,"column":34}},"line":2},"1":{"name":"(anonymous_1)","decl":{"start":{"line":3,"column":4},"end":{"line":3,"column":5}},"loc":{"start":{"line":3,"column":33},"end":{"line":3,"column":36}},"line":3},"2":{"name":"(anonymous_2)","decl":{"start":{"line":4,"column":4},"end":{"line":4,"column":5}},"loc":{"start":{"line":4,"column":52},"end":{"line":4,"column":55}},"line":4},"3":{"name":"(anonymous_3)","decl":{"start":{"line":5,"column":4},"end":{"line":5,"column":5}},"loc":{"start":{"line":5,"column":29},"end":{"line":5,"column":32}},"line":5},"4":{"name":"(anonymous_4)","decl":{"start":{"line":6,"column":4},"end":{"line":6,"column":5}},"loc":{"start":{"line":6,"column":32},"end":{"line":6,"column":35}},"line":6},"5":{"name":"(anonymous_5)","decl":{"start":{"line":7,"column":4},"end":{"line":7,"column":5}},"loc":{"start":{"line":7,"column":34},"end":{"line":7,"column":37}},"line":7},"6":{"name":"(anonymous_6)","decl":{"start":{"line":8,"column":4},"end":{"line":8,"column":5}},"loc":{"start":{"line":8,"column":35},"end":{"line":8,"column":38}},"line":8},"7":{"name":"(anonymous_7)","decl":{"start":{"line":9,"column":4},"end":{"line":9,"column":5}},"loc":{"start":{"line":9,"column":50},"end":{"line":9,"column":53}},"line":9},"8":{"name":"(anonymous_8)","decl":{"start":{"line":10,"column":4},"end":{"line":10,"column":5}},"loc":{"start":{"line":10,"column":37},"end":{"line":10,"column":40}},"line":10}},"branchMap":{},"s":{"0":2},"f":{"0":0,"1":0,"2":0,"3":0,"4":0,"5":0,"6":0,"7":0,"8":0},"b":{},"_coverageSchema":"1a1c01bbd47fc00a2c39e90264f33305004495a9","hash":"c5551dca0f6332febf568c4b5e862f23791320db"}
,"C:\\Data\\Code\\MEAN\\E-Mall ProConnect\\Template\\Backend\\modules\\user\\service\\impl\\user.serviceImpl.js": {"path":"C:\\Data\\Code\\MEAN\\E-Mall ProConnect\\Template\\Backend\\modules\\user\\service\\impl\\user.serviceImpl.js","statementMap":{"0":{"start":{"line":1,"column":20},"end":{"line":1,"column":46}},"1":{"start":{"line":6,"column":8},"end":{"line":6,"column":20}},"2":{"start":{"line":11,"column":8},"end":{"line":11,"column":20}},"3":{"start":{"line":16,"column":8},"end":{"line":16,"column":20}},"4":{"start":{"line":21,"column":8},"end":{"line":21,"column":20}},"5":{"start":{"line":26,"column":8},"end":{"line":26,"column":20}},"6":{"start":{"line":31,"column":8},"end":{"line":31,"column":20}},"7":{"start":{"line":36,"column":8},"end":{"line":36,"column":20}},"8":{"start":{"line":41,"column":8},"end":{"line":41,"column":20}},"9":{"start":{"line":46,"column":8},"end":{"line":46,"column":20}},"10":{"start":{"line":51,"column":8},"end":{"line":51,"column":20}},"11":{"start":{"line":55,"column":0},"end":{"line":55,"column":33}}},"fnMap":{"0":{"name":"(anonymous_0)","decl":{"start":{"line":4,"column":4},"end":{"line":4,"column":5}},"loc":{"start":{"line":4,"column":31},"end":{"line":7,"column":5}},"line":4},"1":{"name":"(anonymous_1)","decl":{"start":{"line":9,"column":4},"end":{"line":9,"column":5}},"loc":{"start":{"line":9,"column":33},"end":{"line":12,"column":5}},"line":9},"2":{"name":"(anonymous_2)","decl":{"start":{"line":14,"column":4},"end":{"line":14,"column":5}},"loc":{"start":{"line":14,"column":52},"end":{"line":17,"column":5}},"line":14},"3":{"name":"(anonymous_3)","decl":{"start":{"line":19,"column":4},"end":{"line":19,"column":5}},"loc":{"start":{"line":19,"column":29},"end":{"line":22,"column":5}},"line":19},"4":{"name":"(anonymous_4)","decl":{"start":{"line":24,"column":4},"end":{"line":24,"column":5}},"loc":{"start":{"line":24,"column":32},"end":{"line":27,"column":5}},"line":24},"5":{"name":"(anonymous_5)","decl":{"start":{"line":29,"column":4},"end":{"line":29,"column":5}},"loc":{"start":{"line":29,"column":34},"end":{"line":32,"column":5}},"line":29},"6":{"name":"(anonymous_6)","decl":{"start":{"line":34,"column":4},"end":{"line":34,"column":5}},"loc":{"start":{"line":34,"column":35},"end":{"line":37,"column":5}},"line":34},"7":{"name":"(anonymous_7)","decl":{"start":{"line":39,"column":4},"end":{"line":39,"column":5}},"loc":{"start":{"line":39,"column":50},"end":{"line":42,"column":5}},"line":39},"8":{"name":"(anonymous_8)","decl":{"start":{"line":44,"column":4},"end":{"line":44,"column":5}},"loc":{"start":{"line":44,"column":42},"end":{"line":47,"column":5}},"line":44},"9":{"name":"(anonymous_9)","decl":{"start":{"line":49,"column":4},"end":{"line":49,"column":5}},"loc":{"start":{"line":49,"column":37},"end":{"line":52,"column":5}},"line":49}},"branchMap":{},"s":{"0":2,"1":1,"2":2,"3":2,"4":2,"5":6,"6":2,"7":1,"8":1,"9":0,"10":0,"11":2},"f":{"0":1,"1":2,"2":2,"3":2,"4":6,"5":2,"6":1,"7":1,"8":0,"9":0},"b":{},"_coverageSchema":"1a1c01bbd47fc00a2c39e90264f33305004495a9","hash":"437958337e3d2b51b3b17681bd2241282aa43875"}
}
